{"/Users/yangzonglong/rnext/src/pages/model/apimodel/apimodel.tsx": {"path":"/Users/yangzonglong/rnext/src/pages/model/apimodel/apimodel.tsx","statementMap":{"0":{"start":{"line":10,"column":17},"end":{"line":10,"column":28}},"1":{"start":{"line":11,"column":19},"end":{"line":11,"column":31}},"2":{"start":{"line":15,"column":16},"end":{"line":15,"column":55}},"3":{"start":{"line":16,"column":32},"end":{"line":16,"column":47}},"4":{"start":{"line":17,"column":38},"end":{"line":17,"column":72}},"5":{"start":{"line":18,"column":26},"end":{"line":18,"column":59}},"6":{"start":{"line":19,"column":32},"end":{"line":19,"column":44}},"7":{"start":{"line":20,"column":40},"end":{"line":20,"column":52}},"8":{"start":{"line":22,"column":2},"end":{"line":28,"column":20}},"9":{"start":{"line":23,"column":18},"end":{"line":23,"column":39}},"10":{"start":{"line":24,"column":4},"end":{"line":27,"column":6}},"11":{"start":{"line":25,"column":6},"end":{"line":25,"column":32}},"12":{"start":{"line":26,"column":6},"end":{"line":26,"column":31}},"13":{"start":{"line":30,"column":19},"end":{"line":30,"column":59}},"14":{"start":{"line":30,"column":37},"end":{"line":30,"column":54}},"15":{"start":{"line":32,"column":15},"end":{"line":53,"column":25}},"16":{"start":{"line":34,"column":4},"end":{"line":34,"column":48}},"17":{"start":{"line":35,"column":4},"end":{"line":35,"column":19}},"18":{"start":{"line":36,"column":4},"end":{"line":36,"column":19}},"19":{"start":{"line":38,"column":4},"end":{"line":38,"column":62}},"20":{"start":{"line":39,"column":4},"end":{"line":39,"column":22}},"21":{"start":{"line":40,"column":4},"end":{"line":40,"column":22}},"22":{"start":{"line":42,"column":4},"end":{"line":42,"column":22}},"23":{"start":{"line":44,"column":19},"end":{"line":44,"column":21}},"24":{"start":{"line":45,"column":4},"end":{"line":49,"column":5}},"25":{"start":{"line":45,"column":26},"end":{"line":45,"column":45}},"26":{"start":{"line":46,"column":6},"end":{"line":46,"column":68}},"27":{"start":{"line":46,"column":34},"end":{"line":46,"column":67}},"28":{"start":{"line":48,"column":6},"end":{"line":48,"column":32}},"29":{"start":{"line":51,"column":26},"end":{"line":51,"column":92}},"30":{"start":{"line":52,"column":4},"end":{"line":52,"column":23}},"31":{"start":{"line":55,"column":17},"end":{"line":59,"column":25}},"32":{"start":{"line":56,"column":21},"end":{"line":56,"column":72}},"33":{"start":{"line":56,"column":50},"end":{"line":56,"column":71}},"34":{"start":{"line":57,"column":4},"end":{"line":57,"column":22}},"35":{"start":{"line":58,"column":4},"end":{"line":58,"column":71}},"36":{"start":{"line":61,"column":25},"end":{"line":63,"column":8}},"37":{"start":{"line":62,"column":4},"end":{"line":62,"column":58}},"38":{"start":{"line":62,"column":25},"end":{"line":62,"column":58}},"39":{"start":{"line":65,"column":26},"end":{"line":71,"column":31}},"40":{"start":{"line":66,"column":4},"end":{"line":66,"column":38}},"41":{"start":{"line":66,"column":21},"end":{"line":66,"column":38}},"42":{"start":{"line":67,"column":32},"end":{"line":67,"column":61}},"43":{"start":{"line":68,"column":18},"end":{"line":68,"column":56}},"44":{"start":{"line":69,"column":4},"end":{"line":69,"column":86}},"45":{"start":{"line":69,"column":44},"end":{"line":69,"column":86}},"46":{"start":{"line":70,"column":4},"end":{"line":70,"column":16}},"47":{"start":{"line":73,"column":18},"end":{"line":75,"column":8}},"48":{"start":{"line":74,"column":4},"end":{"line":74,"column":71}},"49":{"start":{"line":74,"column":27},"end":{"line":74,"column":43}},"50":{"start":{"line":77,"column":21},"end":{"line":96,"column":15}},"51":{"start":{"line":77,"column":36},"end":{"line":96,"column":3}},"52":{"start":{"line":80,"column":8},"end":{"line":93,"column":20}},"53":{"start":{"line":82,"column":12},"end":{"line":82,"column":29}},"54":{"start":{"line":83,"column":12},"end":{"line":83,"column":46}},"55":{"start":{"line":84,"column":12},"end":{"line":90,"column":14}},"56":{"start":{"line":92,"column":31},"end":{"line":92,"column":44}},"57":{"start":{"line":98,"column":2},"end":{"line":117,"column":3}}},"fnMap":{"0":{"name":"(anonymous_0)","decl":{"start":{"line":13,"column":15},"end":{"line":13,"column":16}},"loc":{"start":{"line":13,"column":21},"end":{"line":118,"column":1}},"line":13},"1":{"name":"(anonymous_1)","decl":{"start":{"line":22,"column":12},"end":{"line":22,"column":13}},"loc":{"start":{"line":22,"column":18},"end":{"line":28,"column":3}},"line":22},"2":{"name":"(anonymous_2)","decl":{"start":{"line":24,"column":28},"end":{"line":24,"column":29}},"loc":{"start":{"line":24,"column":59},"end":{"line":27,"column":5}},"line":24},"3":{"name":"(anonymous_3)","decl":{"start":{"line":30,"column":31},"end":{"line":30,"column":32}},"loc":{"start":{"line":30,"column":37},"end":{"line":30,"column":54}},"line":30},"4":{"name":"(anonymous_4)","decl":{"start":{"line":32,"column":27},"end":{"line":32,"column":28}},"loc":{"start":{"line":32,"column":62},"end":{"line":53,"column":3}},"line":32},"5":{"name":"(anonymous_5)","decl":{"start":{"line":45,"column":18},"end":{"line":45,"column":19}},"loc":{"start":{"line":45,"column":26},"end":{"line":45,"column":45}},"line":45},"6":{"name":"(anonymous_6)","decl":{"start":{"line":46,"column":26},"end":{"line":46,"column":27}},"loc":{"start":{"line":46,"column":34},"end":{"line":46,"column":67}},"line":46},"7":{"name":"(anonymous_7)","decl":{"start":{"line":55,"column":29},"end":{"line":55,"column":30}},"loc":{"start":{"line":55,"column":60},"end":{"line":59,"column":3}},"line":55},"8":{"name":"(anonymous_8)","decl":{"start":{"line":56,"column":33},"end":{"line":56,"column":34}},"loc":{"start":{"line":56,"column":50},"end":{"line":56,"column":71}},"line":56},"9":{"name":"(anonymous_9)","decl":{"start":{"line":61,"column":37},"end":{"line":61,"column":38}},"loc":{"start":{"line":61,"column":54},"end":{"line":63,"column":3}},"line":61},"10":{"name":"(anonymous_10)","decl":{"start":{"line":65,"column":34},"end":{"line":65,"column":35}},"loc":{"start":{"line":65,"column":40},"end":{"line":71,"column":3}},"line":65},"11":{"name":"(anonymous_11)","decl":{"start":{"line":73,"column":26},"end":{"line":73,"column":27}},"loc":{"start":{"line":74,"column":4},"end":{"line":74,"column":71}},"line":74},"12":{"name":"(anonymous_12)","decl":{"start":{"line":74,"column":21},"end":{"line":74,"column":22}},"loc":{"start":{"line":74,"column":27},"end":{"line":74,"column":43}},"line":74},"13":{"name":"(anonymous_13)","decl":{"start":{"line":77,"column":29},"end":{"line":77,"column":30}},"loc":{"start":{"line":77,"column":36},"end":{"line":96,"column":3}},"line":77},"14":{"name":"(anonymous_14)","decl":{"start":{"line":79,"column":35},"end":{"line":79,"column":36}},"loc":{"start":{"line":80,"column":8},"end":{"line":93,"column":20}},"line":80},"15":{"name":"(anonymous_15)","decl":{"start":{"line":81,"column":56},"end":{"line":81,"column":57}},"loc":{"start":{"line":81,"column":62},"end":{"line":91,"column":11}},"line":81},"16":{"name":"(anonymous_16)","decl":{"start":{"line":92,"column":25},"end":{"line":92,"column":26}},"loc":{"start":{"line":92,"column":31},"end":{"line":92,"column":44}},"line":92}},"branchMap":{"0":{"loc":{"start":{"line":26,"column":14},"end":{"line":26,"column":29}},"type":"binary-expr","locations":[{"start":{"line":26,"column":14},"end":{"line":26,"column":23}},{"start":{"line":26,"column":27},"end":{"line":26,"column":29}}],"line":26},"1":{"loc":{"start":{"line":45,"column":4},"end":{"line":49,"column":5}},"type":"if","locations":[{"start":{"line":45,"column":4},"end":{"line":49,"column":5}},{"start":{"line":45,"column":4},"end":{"line":49,"column":5}}],"line":45},"2":{"loc":{"start":{"line":46,"column":34},"end":{"line":46,"column":67}},"type":"cond-expr","locations":[{"start":{"line":46,"column":56},"end":{"line":46,"column":60}},{"start":{"line":46,"column":63},"end":{"line":46,"column":67}}],"line":46},"3":{"loc":{"start":{"line":62,"column":4},"end":{"line":62,"column":58}},"type":"if","locations":[{"start":{"line":62,"column":4},"end":{"line":62,"column":58}},{"start":{"line":62,"column":4},"end":{"line":62,"column":58}}],"line":62},"4":{"loc":{"start":{"line":66,"column":4},"end":{"line":66,"column":38}},"type":"if","locations":[{"start":{"line":66,"column":4},"end":{"line":66,"column":38}},{"start":{"line":66,"column":4},"end":{"line":66,"column":38}}],"line":66},"5":{"loc":{"start":{"line":69,"column":4},"end":{"line":69,"column":86}},"type":"if","locations":[{"start":{"line":69,"column":4},"end":{"line":69,"column":86}},{"start":{"line":69,"column":4},"end":{"line":69,"column":86}}],"line":69},"6":{"loc":{"start":{"line":83,"column":27},"end":{"line":83,"column":44}},"type":"binary-expr","locations":[{"start":{"line":83,"column":27},"end":{"line":83,"column":38}},{"start":{"line":83,"column":42},"end":{"line":83,"column":44}}],"line":83}},"s":{"0":0,"1":0,"2":0,"3":0,"4":0,"5":0,"6":0,"7":0,"8":0,"9":0,"10":0,"11":0,"12":0,"13":0,"14":0,"15":0,"16":0,"17":0,"18":0,"19":0,"20":0,"21":0,"22":0,"23":0,"24":0,"25":0,"26":0,"27":0,"28":0,"29":0,"30":0,"31":0,"32":0,"33":0,"34":0,"35":0,"36":0,"37":0,"38":0,"39":0,"40":0,"41":0,"42":0,"43":0,"44":0,"45":0,"46":0,"47":0,"48":0,"49":0,"50":0,"51":0,"52":0,"53":0,"54":0,"55":0,"56":0,"57":0},"f":{"0":0,"1":0,"2":0,"3":0,"4":0,"5":0,"6":0,"7":0,"8":0,"9":0,"10":0,"11":0,"12":0,"13":0,"14":0,"15":0,"16":0},"b":{"0":[0,0],"1":[0,0],"2":[0,0],"3":[0,0],"4":[0,0],"5":[0,0],"6":[0,0]},"hash":"49400f64b4a506413f937c891e69c24628b63891"}
,"/Users/yangzonglong/rnext/src/pages/model/apimodel/data.ts": {"path":"/Users/yangzonglong/rnext/src/pages/model/apimodel/data.ts","statementMap":{"0":{"start":{"line":10,"column":17},"end":{"line":10,"column":21}},"1":{"start":{"line":12,"column":23},"end":{"line":16,"column":1}},"2":{"start":{"line":18,"column":17},"end":{"line":21,"column":1}},"3":{"start":{"line":23,"column":25},"end":{"line":37,"column":1}},"4":{"start":{"line":39,"column":32},"end":{"line":66,"column":1}}},"fnMap":{},"branchMap":{},"s":{"0":0,"1":0,"2":0,"3":0,"4":0},"f":{},"b":{},"hash":"0c8a0c5a7d637f4b903c25a7868b2e043ae4695b"}
,"/Users/yangzonglong/rnext/src/pages/model/fields/Fields.tsx": {"path":"/Users/yangzonglong/rnext/src/pages/model/fields/Fields.tsx","statementMap":{"0":{"start":{"line":11,"column":21},"end":{"line":11,"column":76}},"1":{"start":{"line":11,"column":50},"end":{"line":11,"column":76}},"2":{"start":{"line":12,"column":16},"end":{"line":12,"column":83}},"3":{"start":{"line":12,"column":45},"end":{"line":12,"column":83}},"4":{"start":{"line":14,"column":20},"end":{"line":14,"column":35}},"5":{"start":{"line":16,"column":16},"end":{"line":25,"column":1}},"6":{"start":{"line":29,"column":16},"end":{"line":29,"column":55}},"7":{"start":{"line":30,"column":38},"end":{"line":30,"column":72}},"8":{"start":{"line":31,"column":32},"end":{"line":31,"column":64}},"9":{"start":{"line":32,"column":32},"end":{"line":32,"column":47}},"10":{"start":{"line":33,"column":32},"end":{"line":33,"column":47}},"11":{"start":{"line":34,"column":36},"end":{"line":34,"column":48}},"12":{"start":{"line":36,"column":46},"end":{"line":36,"column":61}},"13":{"start":{"line":37,"column":29},"end":{"line":37,"column":76}},"14":{"start":{"line":37,"column":47},"end":{"line":37,"column":71}},"15":{"start":{"line":39,"column":46},"end":{"line":39,"column":61}},"16":{"start":{"line":40,"column":29},"end":{"line":40,"column":76}},"17":{"start":{"line":40,"column":47},"end":{"line":40,"column":71}},"18":{"start":{"line":42,"column":2},"end":{"line":46,"column":20}},"19":{"start":{"line":43,"column":4},"end":{"line":45,"column":6}},"20":{"start":{"line":44,"column":6},"end":{"line":44,"column":31}},"21":{"start":{"line":48,"column":24},"end":{"line":51,"column":8}},"22":{"start":{"line":49,"column":4},"end":{"line":49,"column":21}},"23":{"start":{"line":50,"column":4},"end":{"line":50,"column":27}},"24":{"start":{"line":53,"column":24},"end":{"line":53,"column":64}},"25":{"start":{"line":53,"column":42},"end":{"line":53,"column":59}},"26":{"start":{"line":55,"column":22},"end":{"line":65,"column":18}},"27":{"start":{"line":56,"column":19},"end":{"line":56,"column":77}},"28":{"start":{"line":56,"column":43},"end":{"line":56,"column":76}},"29":{"start":{"line":57,"column":4},"end":{"line":63,"column":5}},"30":{"start":{"line":58,"column":6},"end":{"line":60,"column":9}},"31":{"start":{"line":59,"column":8},"end":{"line":59,"column":62}},"32":{"start":{"line":62,"column":6},"end":{"line":62,"column":42}},"33":{"start":{"line":64,"column":4},"end":{"line":64,"column":22}},"34":{"start":{"line":67,"column":22},"end":{"line":70,"column":18}},"35":{"start":{"line":68,"column":4},"end":{"line":68,"column":22}},"36":{"start":{"line":69,"column":4},"end":{"line":69,"column":74}},"37":{"start":{"line":69,"column":44},"end":{"line":69,"column":72}},"38":{"start":{"line":72,"column":20},"end":{"line":77,"column":31}},"39":{"start":{"line":73,"column":4},"end":{"line":73,"column":21}},"40":{"start":{"line":74,"column":27},"end":{"line":74,"column":96}},"41":{"start":{"line":75,"column":4},"end":{"line":75,"column":30}},"42":{"start":{"line":76,"column":4},"end":{"line":76,"column":22}},"43":{"start":{"line":79,"column":23},"end":{"line":82,"column":19}},"44":{"start":{"line":79,"column":37},"end":{"line":82,"column":5}},"45":{"start":{"line":79,"column":61},"end":{"line":82,"column":3}},"46":{"start":{"line":84,"column":16},"end":{"line":90,"column":32}},"47":{"start":{"line":84,"column":30},"end":{"line":90,"column":3}},"48":{"start":{"line":86,"column":27},"end":{"line":86,"column":42}},"49":{"start":{"line":87,"column":27},"end":{"line":87,"column":50}},"50":{"start":{"line":88,"column":27},"end":{"line":88,"column":50}},"51":{"start":{"line":92,"column":27},"end":{"line":104,"column":29}},"52":{"start":{"line":93,"column":4},"end":{"line":93,"column":38}},"53":{"start":{"line":93,"column":20},"end":{"line":93,"column":38}},"54":{"start":{"line":94,"column":4},"end":{"line":103,"column":6}},"55":{"start":{"line":96,"column":22},"end":{"line":96,"column":120}},"56":{"start":{"line":97,"column":17},"end":{"line":97,"column":33}},"57":{"start":{"line":97,"column":40},"end":{"line":97,"column":56}},"58":{"start":{"line":99,"column":6},"end":{"line":99,"column":63}},"59":{"start":{"line":99,"column":51},"end":{"line":99,"column":63}},"60":{"start":{"line":100,"column":6},"end":{"line":100,"column":80}},"61":{"start":{"line":100,"column":68},"end":{"line":100,"column":80}},"62":{"start":{"line":102,"column":6},"end":{"line":102,"column":18}},"63":{"start":{"line":106,"column":21},"end":{"line":114,"column":22}},"64":{"start":{"line":106,"column":36},"end":{"line":114,"column":3}},"65":{"start":{"line":109,"column":8},"end":{"line":111,"column":9}},"66":{"start":{"line":110,"column":31},"end":{"line":110,"column":52}},"67":{"start":{"line":116,"column":2},"end":{"line":142,"column":3}}},"fnMap":{"0":{"name":"(anonymous_0)","decl":{"start":{"line":11,"column":21},"end":{"line":11,"column":22}},"loc":{"start":{"line":11,"column":50},"end":{"line":11,"column":76}},"line":11},"1":{"name":"(anonymous_1)","decl":{"start":{"line":12,"column":16},"end":{"line":12,"column":17}},"loc":{"start":{"line":12,"column":45},"end":{"line":12,"column":83}},"line":12},"2":{"name":"(anonymous_2)","decl":{"start":{"line":27,"column":15},"end":{"line":27,"column":16}},"loc":{"start":{"line":27,"column":21},"end":{"line":143,"column":1}},"line":27},"3":{"name":"(anonymous_3)","decl":{"start":{"line":37,"column":41},"end":{"line":37,"column":42}},"loc":{"start":{"line":37,"column":47},"end":{"line":37,"column":71}},"line":37},"4":{"name":"(anonymous_4)","decl":{"start":{"line":40,"column":41},"end":{"line":40,"column":42}},"loc":{"start":{"line":40,"column":47},"end":{"line":40,"column":71}},"line":40},"5":{"name":"(anonymous_5)","decl":{"start":{"line":42,"column":12},"end":{"line":42,"column":13}},"loc":{"start":{"line":42,"column":18},"end":{"line":46,"column":3}},"line":42},"6":{"name":"(anonymous_6)","decl":{"start":{"line":43,"column":44},"end":{"line":43,"column":45}},"loc":{"start":{"line":43,"column":64},"end":{"line":45,"column":5}},"line":43},"7":{"name":"(anonymous_7)","decl":{"start":{"line":48,"column":36},"end":{"line":48,"column":37}},"loc":{"start":{"line":48,"column":67},"end":{"line":51,"column":3}},"line":48},"8":{"name":"(anonymous_8)","decl":{"start":{"line":53,"column":36},"end":{"line":53,"column":37}},"loc":{"start":{"line":53,"column":42},"end":{"line":53,"column":59}},"line":53},"9":{"name":"(anonymous_9)","decl":{"start":{"line":55,"column":34},"end":{"line":55,"column":35}},"loc":{"start":{"line":55,"column":64},"end":{"line":65,"column":3}},"line":55},"10":{"name":"(anonymous_10)","decl":{"start":{"line":56,"column":35},"end":{"line":56,"column":36}},"loc":{"start":{"line":56,"column":43},"end":{"line":56,"column":76}},"line":56},"11":{"name":"(anonymous_11)","decl":{"start":{"line":58,"column":35},"end":{"line":58,"column":36}},"loc":{"start":{"line":58,"column":43},"end":{"line":60,"column":7}},"line":58},"12":{"name":"(anonymous_12)","decl":{"start":{"line":67,"column":34},"end":{"line":67,"column":35}},"loc":{"start":{"line":67,"column":57},"end":{"line":70,"column":3}},"line":67},"13":{"name":"(anonymous_13)","decl":{"start":{"line":69,"column":36},"end":{"line":69,"column":37}},"loc":{"start":{"line":69,"column":44},"end":{"line":69,"column":72}},"line":69},"14":{"name":"(anonymous_14)","decl":{"start":{"line":72,"column":32},"end":{"line":72,"column":33}},"loc":{"start":{"line":72,"column":44},"end":{"line":77,"column":3}},"line":72},"15":{"name":"(anonymous_15)","decl":{"start":{"line":79,"column":31},"end":{"line":79,"column":32}},"loc":{"start":{"line":79,"column":37},"end":{"line":82,"column":5}},"line":79},"16":{"name":"(anonymous_16)","decl":{"start":{"line":79,"column":52},"end":{"line":79,"column":53}},"loc":{"start":{"line":79,"column":61},"end":{"line":82,"column":3}},"line":79},"17":{"name":"(anonymous_17)","decl":{"start":{"line":84,"column":24},"end":{"line":84,"column":25}},"loc":{"start":{"line":84,"column":30},"end":{"line":90,"column":3}},"line":84},"18":{"name":"(anonymous_18)","decl":{"start":{"line":86,"column":21},"end":{"line":86,"column":22}},"loc":{"start":{"line":86,"column":27},"end":{"line":86,"column":42}},"line":86},"19":{"name":"(anonymous_19)","decl":{"start":{"line":87,"column":21},"end":{"line":87,"column":22}},"loc":{"start":{"line":87,"column":27},"end":{"line":87,"column":50}},"line":87},"20":{"name":"(anonymous_20)","decl":{"start":{"line":88,"column":21},"end":{"line":88,"column":22}},"loc":{"start":{"line":88,"column":27},"end":{"line":88,"column":50}},"line":88},"21":{"name":"(anonymous_21)","decl":{"start":{"line":92,"column":35},"end":{"line":92,"column":36}},"loc":{"start":{"line":92,"column":41},"end":{"line":104,"column":3}},"line":92},"22":{"name":"(anonymous_22)","decl":{"start":{"line":94,"column":29},"end":{"line":94,"column":30}},"loc":{"start":{"line":94,"column":37},"end":{"line":103,"column":5}},"line":94},"23":{"name":"(anonymous_23)","decl":{"start":{"line":106,"column":29},"end":{"line":106,"column":30}},"loc":{"start":{"line":106,"column":36},"end":{"line":114,"column":3}},"line":106},"24":{"name":"(anonymous_24)","decl":{"start":{"line":108,"column":35},"end":{"line":108,"column":36}},"loc":{"start":{"line":108,"column":81},"end":{"line":112,"column":7}},"line":108},"25":{"name":"(anonymous_25)","decl":{"start":{"line":110,"column":25},"end":{"line":110,"column":26}},"loc":{"start":{"line":110,"column":31},"end":{"line":110,"column":52}},"line":110}},"branchMap":{"0":{"loc":{"start":{"line":11,"column":50},"end":{"line":11,"column":76}},"type":"binary-expr","locations":[{"start":{"line":11,"column":50},"end":{"line":11,"column":53}},{"start":{"line":11,"column":57},"end":{"line":11,"column":76}}],"line":11},"1":{"loc":{"start":{"line":50,"column":15},"end":{"line":50,"column":25}},"type":"binary-expr","locations":[{"start":{"line":50,"column":15},"end":{"line":50,"column":19}},{"start":{"line":50,"column":23},"end":{"line":50,"column":25}}],"line":50},"2":{"loc":{"start":{"line":57,"column":4},"end":{"line":63,"column":5}},"type":"if","locations":[{"start":{"line":57,"column":4},"end":{"line":63,"column":5}},{"start":{"line":57,"column":4},"end":{"line":63,"column":5}}],"line":57},"3":{"loc":{"start":{"line":59,"column":15},"end":{"line":59,"column":62}},"type":"cond-expr","locations":[{"start":{"line":59,"column":51},"end":{"line":59,"column":55}},{"start":{"line":59,"column":58},"end":{"line":59,"column":62}}],"line":59},"4":{"loc":{"start":{"line":93,"column":4},"end":{"line":93,"column":38}},"type":"if","locations":[{"start":{"line":93,"column":4},"end":{"line":93,"column":38}},{"start":{"line":93,"column":4},"end":{"line":93,"column":38}}],"line":93},"5":{"loc":{"start":{"line":96,"column":22},"end":{"line":96,"column":120}},"type":"cond-expr","locations":[{"start":{"line":96,"column":73},"end":{"line":96,"column":97}},{"start":{"line":96,"column":101},"end":{"line":96,"column":119}}],"line":96},"6":{"loc":{"start":{"line":96,"column":22},"end":{"line":96,"column":70}},"type":"binary-expr","locations":[{"start":{"line":96,"column":22},"end":{"line":96,"column":34}},{"start":{"line":96,"column":38},"end":{"line":96,"column":70}}],"line":96},"7":{"loc":{"start":{"line":96,"column":101},"end":{"line":96,"column":119}},"type":"binary-expr","locations":[{"start":{"line":96,"column":101},"end":{"line":96,"column":113}},{"start":{"line":96,"column":117},"end":{"line":96,"column":119}}],"line":96},"8":{"loc":{"start":{"line":97,"column":17},"end":{"line":97,"column":33}},"type":"binary-expr","locations":[{"start":{"line":97,"column":17},"end":{"line":97,"column":27}},{"start":{"line":97,"column":31},"end":{"line":97,"column":33}}],"line":97},"9":{"loc":{"start":{"line":97,"column":40},"end":{"line":97,"column":56}},"type":"binary-expr","locations":[{"start":{"line":97,"column":40},"end":{"line":97,"column":50}},{"start":{"line":97,"column":54},"end":{"line":97,"column":56}}],"line":97},"10":{"loc":{"start":{"line":99,"column":6},"end":{"line":99,"column":63}},"type":"if","locations":[{"start":{"line":99,"column":6},"end":{"line":99,"column":63}},{"start":{"line":99,"column":6},"end":{"line":99,"column":63}}],"line":99},"11":{"loc":{"start":{"line":100,"column":6},"end":{"line":100,"column":80}},"type":"if","locations":[{"start":{"line":100,"column":6},"end":{"line":100,"column":80}},{"start":{"line":100,"column":6},"end":{"line":100,"column":80}}],"line":100},"12":{"loc":{"start":{"line":100,"column":10},"end":{"line":100,"column":66}},"type":"binary-expr","locations":[{"start":{"line":100,"column":10},"end":{"line":100,"column":36}},{"start":{"line":100,"column":40},"end":{"line":100,"column":66}}],"line":100},"13":{"loc":{"start":{"line":109,"column":15},"end":{"line":111,"column":9}},"type":"binary-expr","locations":[{"start":{"line":109,"column":15},"end":{"line":109,"column":40}},{"start":{"line":110,"column":10},"end":{"line":110,"column":87}}],"line":109}},"s":{"0":0,"1":0,"2":0,"3":0,"4":0,"5":0,"6":0,"7":0,"8":0,"9":0,"10":0,"11":0,"12":0,"13":0,"14":0,"15":0,"16":0,"17":0,"18":0,"19":0,"20":0,"21":0,"22":0,"23":0,"24":0,"25":0,"26":0,"27":0,"28":0,"29":0,"30":0,"31":0,"32":0,"33":0,"34":0,"35":0,"36":0,"37":0,"38":0,"39":0,"40":0,"41":0,"42":0,"43":0,"44":0,"45":0,"46":0,"47":0,"48":0,"49":0,"50":0,"51":0,"52":0,"53":0,"54":0,"55":0,"56":0,"57":0,"58":0,"59":0,"60":0,"61":0,"62":0,"63":0,"64":0,"65":0,"66":0,"67":0},"f":{"0":0,"1":0,"2":0,"3":0,"4":0,"5":0,"6":0,"7":0,"8":0,"9":0,"10":0,"11":0,"12":0,"13":0,"14":0,"15":0,"16":0,"17":0,"18":0,"19":0,"20":0,"21":0,"22":0,"23":0,"24":0,"25":0},"b":{"0":[0,0],"1":[0,0],"2":[0,0],"3":[0,0],"4":[0,0],"5":[0,0],"6":[0,0],"7":[0,0],"8":[0,0],"9":[0,0],"10":[0,0],"11":[0,0],"12":[0,0],"13":[0,0]},"hash":"5b20b54867670560043f6ead9ceae35610dcb9c0"}
,"/Users/yangzonglong/rnext/src/pages/model/fields/_EditField.tsx": {"path":"/Users/yangzonglong/rnext/src/pages/model/fields/_EditField.tsx","statementMap":{"0":{"start":{"line":9,"column":17},"end":{"line":9,"column":28}},"1":{"start":{"line":10,"column":19},"end":{"line":10,"column":31}},"2":{"start":{"line":11,"column":23},"end":{"line":11,"column":52}},"3":{"start":{"line":12,"column":19},"end":{"line":12,"column":37}},"4":{"start":{"line":29,"column":19},"end":{"line":29,"column":42}},"5":{"start":{"line":30,"column":24},"end":{"line":30,"column":51}},"6":{"start":{"line":31,"column":26},"end":{"line":31,"column":38}},"7":{"start":{"line":32,"column":34},"end":{"line":32,"column":58}},"8":{"start":{"line":34,"column":2},"end":{"line":36,"column":16}},"9":{"start":{"line":35,"column":4},"end":{"line":35,"column":58}},"10":{"start":{"line":35,"column":29},"end":{"line":35,"column":58}},"11":{"start":{"line":38,"column":20},"end":{"line":40,"column":8}},"12":{"start":{"line":39,"column":4},"end":{"line":39,"column":31}},"13":{"start":{"line":42,"column":25},"end":{"line":45,"column":8}},"14":{"start":{"line":43,"column":17},"end":{"line":43,"column":46}},"15":{"start":{"line":44,"column":4},"end":{"line":44,"column":61}},"16":{"start":{"line":44,"column":32},"end":{"line":44,"column":61}},"17":{"start":{"line":47,"column":25},"end":{"line":50,"column":12}},"18":{"start":{"line":48,"column":18},"end":{"line":48,"column":42}},"19":{"start":{"line":49,"column":4},"end":{"line":49,"column":16}},"20":{"start":{"line":52,"column":16},"end":{"line":63,"column":18}},"21":{"start":{"line":53,"column":15},"end":{"line":53,"column":17}},"22":{"start":{"line":54,"column":4},"end":{"line":59,"column":5}},"23":{"start":{"line":55,"column":21},"end":{"line":55,"column":40}},"24":{"start":{"line":56,"column":21},"end":{"line":56,"column":50}},"25":{"start":{"line":57,"column":6},"end":{"line":57,"column":26}},"26":{"start":{"line":57,"column":19},"end":{"line":57,"column":26}},"27":{"start":{"line":58,"column":6},"end":{"line":58,"column":57}},"28":{"start":{"line":61,"column":24},"end":{"line":61,"column":69}},"29":{"start":{"line":62,"column":4},"end":{"line":62,"column":63}},"30":{"start":{"line":65,"column":20},"end":{"line":67,"column":25}},"31":{"start":{"line":66,"column":4},"end":{"line":66,"column":32}},"32":{"start":{"line":69,"column":22},"end":{"line":69,"column":50}},"33":{"start":{"line":71,"column":19},"end":{"line":77,"column":15}},"34":{"start":{"line":72,"column":20},"end":{"line":72,"column":50}},"35":{"start":{"line":73,"column":4},"end":{"line":76,"column":5}},"36":{"start":{"line":79,"column":22},"end":{"line":89,"column":15}},"37":{"start":{"line":80,"column":20},"end":{"line":80,"column":41}},"38":{"start":{"line":81,"column":18},"end":{"line":81,"column":59}},"39":{"start":{"line":82,"column":4},"end":{"line":88,"column":5}},"40":{"start":{"line":91,"column":30},"end":{"line":95,"column":14}},"41":{"start":{"line":92,"column":4},"end":{"line":92,"column":55}},"42":{"start":{"line":93,"column":4},"end":{"line":93,"column":55}},"43":{"start":{"line":94,"column":4},"end":{"line":94,"column":24}},"44":{"start":{"line":97,"column":2},"end":{"line":134,"column":3}},"45":{"start":{"line":111,"column":8},"end":{"line":121,"column":14}},"46":{"start":{"line":120,"column":24},"end":{"line":120,"column":44}}},"fnMap":{"0":{"name":"(anonymous_0)","decl":{"start":{"line":27,"column":20},"end":{"line":27,"column":21}},"loc":{"start":{"line":27,"column":87},"end":{"line":135,"column":1}},"line":27},"1":{"name":"(anonymous_1)","decl":{"start":{"line":34,"column":12},"end":{"line":34,"column":13}},"loc":{"start":{"line":34,"column":18},"end":{"line":36,"column":3}},"line":34},"2":{"name":"(anonymous_2)","decl":{"start":{"line":38,"column":32},"end":{"line":38,"column":33}},"loc":{"start":{"line":38,"column":45},"end":{"line":40,"column":3}},"line":38},"3":{"name":"(anonymous_3)","decl":{"start":{"line":42,"column":37},"end":{"line":42,"column":38}},"loc":{"start":{"line":42,"column":56},"end":{"line":45,"column":3}},"line":42},"4":{"name":"(anonymous_4)","decl":{"start":{"line":47,"column":33},"end":{"line":47,"column":34}},"loc":{"start":{"line":47,"column":39},"end":{"line":50,"column":3}},"line":47},"5":{"name":"(anonymous_5)","decl":{"start":{"line":52,"column":28},"end":{"line":52,"column":29}},"loc":{"start":{"line":52,"column":40},"end":{"line":63,"column":3}},"line":52},"6":{"name":"(anonymous_6)","decl":{"start":{"line":65,"column":32},"end":{"line":65,"column":33}},"loc":{"start":{"line":65,"column":38},"end":{"line":67,"column":3}},"line":65},"7":{"name":"(anonymous_7)","decl":{"start":{"line":71,"column":27},"end":{"line":71,"column":28}},"loc":{"start":{"line":71,"column":33},"end":{"line":77,"column":3}},"line":71},"8":{"name":"(anonymous_8)","decl":{"start":{"line":79,"column":30},"end":{"line":79,"column":31}},"loc":{"start":{"line":79,"column":36},"end":{"line":89,"column":3}},"line":79},"9":{"name":"(anonymous_9)","decl":{"start":{"line":91,"column":38},"end":{"line":91,"column":39}},"loc":{"start":{"line":91,"column":44},"end":{"line":95,"column":3}},"line":91},"10":{"name":"(anonymous_10)","decl":{"start":{"line":110,"column":44},"end":{"line":110,"column":45}},"loc":{"start":{"line":111,"column":8},"end":{"line":121,"column":14}},"line":111},"11":{"name":"(anonymous_11)","decl":{"start":{"line":120,"column":17},"end":{"line":120,"column":18}},"loc":{"start":{"line":120,"column":24},"end":{"line":120,"column":44}},"line":120}},"branchMap":{"0":{"loc":{"start":{"line":35,"column":4},"end":{"line":35,"column":58}},"type":"if","locations":[{"start":{"line":35,"column":4},"end":{"line":35,"column":58}},{"start":{"line":35,"column":4},"end":{"line":35,"column":58}}],"line":35},"1":{"loc":{"start":{"line":44,"column":4},"end":{"line":44,"column":61}},"type":"if","locations":[{"start":{"line":44,"column":4},"end":{"line":44,"column":61}},{"start":{"line":44,"column":4},"end":{"line":44,"column":61}}],"line":44},"2":{"loc":{"start":{"line":48,"column":18},"end":{"line":48,"column":42}},"type":"binary-expr","locations":[{"start":{"line":48,"column":18},"end":{"line":48,"column":36}},{"start":{"line":48,"column":40},"end":{"line":48,"column":42}}],"line":48},"3":{"loc":{"start":{"line":57,"column":6},"end":{"line":57,"column":26}},"type":"if","locations":[{"start":{"line":57,"column":6},"end":{"line":57,"column":26}},{"start":{"line":57,"column":6},"end":{"line":57,"column":26}}],"line":57},"4":{"loc":{"start":{"line":72,"column":21},"end":{"line":72,"column":42}},"type":"binary-expr","locations":[{"start":{"line":72,"column":21},"end":{"line":72,"column":36}},{"start":{"line":72,"column":40},"end":{"line":72,"column":42}}],"line":72},"5":{"loc":{"start":{"line":80,"column":20},"end":{"line":80,"column":41}},"type":"binary-expr","locations":[{"start":{"line":80,"column":20},"end":{"line":80,"column":35}},{"start":{"line":80,"column":39},"end":{"line":80,"column":41}}],"line":80},"6":{"loc":{"start":{"line":86,"column":13},"end":{"line":86,"column":63}},"type":"cond-expr","locations":[{"start":{"line":86,"column":29},"end":{"line":86,"column":58}},{"start":{"line":86,"column":61},"end":{"line":86,"column":63}}],"line":86},"7":{"loc":{"start":{"line":87,"column":18},"end":{"line":87,"column":78}},"type":"cond-expr","locations":[{"start":{"line":87,"column":39},"end":{"line":87,"column":73}},{"start":{"line":87,"column":76},"end":{"line":87,"column":78}}],"line":87}},"s":{"0":0,"1":0,"2":0,"3":0,"4":0,"5":0,"6":0,"7":0,"8":0,"9":0,"10":0,"11":0,"12":0,"13":0,"14":0,"15":0,"16":0,"17":0,"18":0,"19":0,"20":0,"21":0,"22":0,"23":0,"24":0,"25":0,"26":0,"27":0,"28":0,"29":0,"30":0,"31":0,"32":0,"33":0,"34":0,"35":0,"36":0,"37":0,"38":0,"39":0,"40":0,"41":0,"42":0,"43":0,"44":0,"45":0,"46":0},"f":{"0":0,"1":0,"2":0,"3":0,"4":0,"5":0,"6":0,"7":0,"8":0,"9":0,"10":0,"11":0},"b":{"0":[0,0],"1":[0,0],"2":[0,0],"3":[0,0],"4":[0,0],"5":[0,0],"6":[0,0],"7":[0,0]},"hash":"c7886fe932f9463f534e42d96d50b6e56c2b985e"}
,"/Users/yangzonglong/rnext/src/pages/model/fields/_PreviewCrud.tsx": {"path":"/Users/yangzonglong/rnext/src/pages/model/fields/_PreviewCrud.tsx","statementMap":{"0":{"start":{"line":11,"column":17},"end":{"line":11,"column":42}},"1":{"start":{"line":12,"column":18},"end":{"line":12,"column":86}},"2":{"start":{"line":16,"column":33},"end":{"line":16,"column":98}},"3":{"start":{"line":18,"column":2},"end":{"line":30,"column":3}}},"fnMap":{"0":{"name":"(anonymous_0)","decl":{"start":{"line":14,"column":20},"end":{"line":14,"column":21}},"loc":{"start":{"line":14,"column":66},"end":{"line":31,"column":1}},"line":14}},"branchMap":{},"s":{"0":0,"1":0,"2":0,"3":0},"f":{"0":0},"b":{},"hash":"c1d2b22f51180cd94a7f06d902960b07fe1ee301"}
,"/Users/yangzonglong/rnext/src/pages/model/fields/_PreviewForm.tsx": {"path":"/Users/yangzonglong/rnext/src/pages/model/fields/_PreviewForm.tsx","statementMap":{"0":{"start":{"line":17,"column":19},"end":{"line":17,"column":46}},"1":{"start":{"line":18,"column":32},"end":{"line":18,"column":43}},"2":{"start":{"line":19,"column":26},"end":{"line":19,"column":38}},"3":{"start":{"line":20,"column":24},"end":{"line":20,"column":106}},"4":{"start":{"line":22,"column":2},"end":{"line":25,"column":16}},"5":{"start":{"line":23,"column":4},"end":{"line":23,"column":25}},"6":{"start":{"line":23,"column":18},"end":{"line":23,"column":25}},"7":{"start":{"line":24,"column":4},"end":{"line":24,"column":31}},"8":{"start":{"line":24,"column":23},"end":{"line":24,"column":29}},"9":{"start":{"line":27,"column":15},"end":{"line":30,"column":8}},"10":{"start":{"line":28,"column":19},"end":{"line":28,"column":59}},"11":{"start":{"line":29,"column":4},"end":{"line":29,"column":25}},"12":{"start":{"line":32,"column":2},"end":{"line":42,"column":3}}},"fnMap":{"0":{"name":"(anonymous_0)","decl":{"start":{"line":15,"column":20},"end":{"line":15,"column":21}},"loc":{"start":{"line":15,"column":66},"end":{"line":43,"column":1}},"line":15},"1":{"name":"(anonymous_1)","decl":{"start":{"line":22,"column":12},"end":{"line":22,"column":13}},"loc":{"start":{"line":22,"column":18},"end":{"line":25,"column":3}},"line":22},"2":{"name":"(anonymous_2)","decl":{"start":{"line":24,"column":15},"end":{"line":24,"column":16}},"loc":{"start":{"line":24,"column":23},"end":{"line":24,"column":29}},"line":24},"3":{"name":"(anonymous_3)","decl":{"start":{"line":27,"column":27},"end":{"line":27,"column":28}},"loc":{"start":{"line":27,"column":39},"end":{"line":30,"column":3}},"line":27}},"branchMap":{"0":{"loc":{"start":{"line":23,"column":4},"end":{"line":23,"column":25}},"type":"if","locations":[{"start":{"line":23,"column":4},"end":{"line":23,"column":25}},{"start":{"line":23,"column":4},"end":{"line":23,"column":25}}],"line":23},"1":{"loc":{"start":{"line":29,"column":12},"end":{"line":29,"column":24}},"type":"binary-expr","locations":[{"start":{"line":29,"column":12},"end":{"line":29,"column":18}},{"start":{"line":29,"column":22},"end":{"line":29,"column":24}}],"line":29}},"s":{"0":0,"1":0,"2":0,"3":0,"4":0,"5":0,"6":0,"7":0,"8":0,"9":0,"10":0,"11":0,"12":0},"f":{"0":0,"1":0,"2":0,"3":0},"b":{"0":[0,0],"1":[0,0]},"hash":"113fdb27c35aabf1f8cdb996b10b3a34e76bfa95"}
,"/Users/yangzonglong/rnext/src/pages/model/fields/data.ts": {"path":"/Users/yangzonglong/rnext/src/pages/model/fields/data.ts","statementMap":{"0":{"start":{"line":11,"column":19},"end":{"line":11,"column":52}},"1":{"start":{"line":12,"column":17},"end":{"line":12,"column":21}},"2":{"start":{"line":14,"column":24},"end":{"line":18,"column":1}},"3":{"start":{"line":20,"column":23},"end":{"line":32,"column":1}},"4":{"start":{"line":34,"column":29},"end":{"line":79,"column":1}},"5":{"start":{"line":81,"column":23},"end":{"line":84,"column":1}},"6":{"start":{"line":86,"column":28},"end":{"line":160,"column":1}}},"fnMap":{},"branchMap":{},"s":{"0":0,"1":0,"2":0,"3":0,"4":0,"5":0,"6":0},"f":{},"b":{},"hash":"f8485f717bfc0083149fce8bcd8c8e8c7f00beaf"}
,"/Users/yangzonglong/rnext/src/pages/model/fields/util.ts": {"path":"/Users/yangzonglong/rnext/src/pages/model/fields/util.ts","statementMap":{"0":{"start":{"line":15,"column":2},"end":{"line":18,"column":3}},"1":{"start":{"line":19,"column":2},"end":{"line":19,"column":23}},"2":{"start":{"line":20,"column":2},"end":{"line":20,"column":22}},"3":{"start":{"line":24,"column":2},"end":{"line":38,"column":3}},"4":{"start":{"line":39,"column":2},"end":{"line":39,"column":21}},"5":{"start":{"line":40,"column":2},"end":{"line":40,"column":23}},"6":{"start":{"line":41,"column":2},"end":{"line":41,"column":23}},"7":{"start":{"line":42,"column":2},"end":{"line":42,"column":24}},"8":{"start":{"line":43,"column":2},"end":{"line":43,"column":24}},"9":{"start":{"line":44,"column":2},"end":{"line":44,"column":22}},"10":{"start":{"line":48,"column":2},"end":{"line":57,"column":3}},"11":{"start":{"line":49,"column":20},"end":{"line":49,"column":34}},"12":{"start":{"line":50,"column":4},"end":{"line":50,"column":65}},"13":{"start":{"line":50,"column":23},"end":{"line":50,"column":65}},"14":{"start":{"line":51,"column":4},"end":{"line":51,"column":80}},"15":{"start":{"line":51,"column":28},"end":{"line":51,"column":80}},"16":{"start":{"line":52,"column":4},"end":{"line":56,"column":5}},"17":{"start":{"line":53,"column":6},"end":{"line":53,"column":34}},"18":{"start":{"line":54,"column":11},"end":{"line":56,"column":5}},"19":{"start":{"line":55,"column":6},"end":{"line":55,"column":36}},"20":{"start":{"line":58,"column":2},"end":{"line":58,"column":52}},"21":{"start":{"line":59,"column":2},"end":{"line":59,"column":15}},"22":{"start":{"line":63,"column":21},"end":{"line":63,"column":43}},"23":{"start":{"line":64,"column":19},"end":{"line":64,"column":39}},"24":{"start":{"line":65,"column":29},"end":{"line":65,"column":54}},"25":{"start":{"line":66,"column":2},"end":{"line":74,"column":3}},"26":{"start":{"line":78,"column":30},"end":{"line":78,"column":90}},"27":{"start":{"line":78,"column":80},"end":{"line":78,"column":89}},"28":{"start":{"line":79,"column":2},"end":{"line":84,"column":8}},"29":{"start":{"line":80,"column":4},"end":{"line":82,"column":5}},"30":{"start":{"line":81,"column":6},"end":{"line":81,"column":29}},"31":{"start":{"line":83,"column":4},"end":{"line":83,"column":16}}},"fnMap":{"0":{"name":"handleSelectOptions","decl":{"start":{"line":14,"column":9},"end":{"line":14,"column":28}},"loc":{"start":{"line":14,"column":43},"end":{"line":21,"column":1}},"line":14},"1":{"name":"handleCascaderOptions","decl":{"start":{"line":23,"column":9},"end":{"line":23,"column":30}},"loc":{"start":{"line":23,"column":45},"end":{"line":45,"column":1}},"line":23},"2":{"name":"handleField","decl":{"start":{"line":47,"column":16},"end":{"line":47,"column":27}},"loc":{"start":{"line":47,"column":70},"end":{"line":60,"column":1}},"line":47},"3":{"name":"handleCascaderOptionsModel","decl":{"start":{"line":62,"column":16},"end":{"line":62,"column":42}},"loc":{"start":{"line":62,"column":60},"end":{"line":75,"column":1}},"line":62},"4":{"name":"handleTabFormData","decl":{"start":{"line":77,"column":16},"end":{"line":77,"column":33}},"loc":{"start":{"line":77,"column":61},"end":{"line":85,"column":1}},"line":77},"5":{"name":"(anonymous_5)","decl":{"start":{"line":78,"column":55},"end":{"line":78,"column":56}},"loc":{"start":{"line":78,"column":80},"end":{"line":78,"column":89}},"line":78},"6":{"name":"(anonymous_6)","decl":{"start":{"line":79,"column":36},"end":{"line":79,"column":37}},"loc":{"start":{"line":79,"column":67},"end":{"line":84,"column":3}},"line":79}},"branchMap":{"0":{"loc":{"start":{"line":48,"column":2},"end":{"line":57,"column":3}},"type":"if","locations":[{"start":{"line":48,"column":2},"end":{"line":57,"column":3}},{"start":{"line":48,"column":2},"end":{"line":57,"column":3}}],"line":48},"1":{"loc":{"start":{"line":50,"column":4},"end":{"line":50,"column":65}},"type":"if","locations":[{"start":{"line":50,"column":4},"end":{"line":50,"column":65}},{"start":{"line":50,"column":4},"end":{"line":50,"column":65}}],"line":50},"2":{"loc":{"start":{"line":51,"column":4},"end":{"line":51,"column":80}},"type":"if","locations":[{"start":{"line":51,"column":4},"end":{"line":51,"column":80}},{"start":{"line":51,"column":4},"end":{"line":51,"column":80}}],"line":51},"3":{"loc":{"start":{"line":52,"column":4},"end":{"line":56,"column":5}},"type":"if","locations":[{"start":{"line":52,"column":4},"end":{"line":56,"column":5}},{"start":{"line":52,"column":4},"end":{"line":56,"column":5}}],"line":52},"4":{"loc":{"start":{"line":54,"column":11},"end":{"line":56,"column":5}},"type":"if","locations":[{"start":{"line":54,"column":11},"end":{"line":56,"column":5}},{"start":{"line":54,"column":11},"end":{"line":56,"column":5}}],"line":54},"5":{"loc":{"start":{"line":62,"column":43},"end":{"line":62,"column":58}},"type":"default-arg","locations":[{"start":{"line":62,"column":56},"end":{"line":62,"column":58}}],"line":62},"6":{"loc":{"start":{"line":63,"column":21},"end":{"line":63,"column":43}},"type":"binary-expr","locations":[{"start":{"line":63,"column":21},"end":{"line":63,"column":37}},{"start":{"line":63,"column":41},"end":{"line":63,"column":43}}],"line":63},"7":{"loc":{"start":{"line":64,"column":19},"end":{"line":64,"column":39}},"type":"binary-expr","locations":[{"start":{"line":64,"column":19},"end":{"line":64,"column":33}},{"start":{"line":64,"column":37},"end":{"line":64,"column":39}}],"line":64},"8":{"loc":{"start":{"line":65,"column":29},"end":{"line":65,"column":54}},"type":"binary-expr","locations":[{"start":{"line":65,"column":29},"end":{"line":65,"column":48}},{"start":{"line":65,"column":52},"end":{"line":65,"column":54}}],"line":65},"9":{"loc":{"start":{"line":80,"column":4},"end":{"line":82,"column":5}},"type":"if","locations":[{"start":{"line":80,"column":4},"end":{"line":82,"column":5}},{"start":{"line":80,"column":4},"end":{"line":82,"column":5}}],"line":80}},"s":{"0":0,"1":0,"2":0,"3":0,"4":0,"5":0,"6":0,"7":0,"8":0,"9":0,"10":0,"11":0,"12":0,"13":0,"14":0,"15":0,"16":0,"17":0,"18":0,"19":0,"20":0,"21":0,"22":0,"23":0,"24":0,"25":0,"26":0,"27":0,"28":0,"29":0,"30":0,"31":0},"f":{"0":0,"1":0,"2":0,"3":0,"4":0,"5":0,"6":0},"b":{"0":[0,0],"1":[0,0],"2":[0,0],"3":[0,0],"4":[0,0],"5":[0],"6":[0,0],"7":[0,0],"8":[0,0],"9":[0,0]},"hash":"b157aea376e35ccc40eae8f86334dbf21bec2bb6"}
,"/Users/yangzonglong/rnext/src/pages/model/relations/Relations.tsx": {"path":"/Users/yangzonglong/rnext/src/pages/model/relations/Relations.tsx","statementMap":{"0":{"start":{"line":10,"column":16},"end":{"line":10,"column":18}},"1":{"start":{"line":14,"column":16},"end":{"line":14,"column":55}},"2":{"start":{"line":15,"column":30},"end":{"line":15,"column":42}},"3":{"start":{"line":16,"column":38},"end":{"line":16,"column":71}},"4":{"start":{"line":17,"column":32},"end":{"line":17,"column":47}},"5":{"start":{"line":18,"column":19},"end":{"line":18,"column":59}},"6":{"start":{"line":18,"column":37},"end":{"line":18,"column":54}},"7":{"start":{"line":20,"column":2},"end":{"line":27,"column":20}},"8":{"start":{"line":21,"column":4},"end":{"line":23,"column":6}},"9":{"start":{"line":22,"column":6},"end":{"line":22,"column":65}},"10":{"start":{"line":22,"column":46},"end":{"line":22,"column":61}},"11":{"start":{"line":24,"column":4},"end":{"line":26,"column":6}},"12":{"start":{"line":25,"column":6},"end":{"line":25,"column":36}},"13":{"start":{"line":29,"column":15},"end":{"line":41,"column":31}},"14":{"start":{"line":30,"column":4},"end":{"line":30,"column":22}},"15":{"start":{"line":32,"column":25},"end":{"line":32,"column":27}},"16":{"start":{"line":33,"column":4},"end":{"line":37,"column":5}},"17":{"start":{"line":33,"column":31},"end":{"line":33,"column":56}},"18":{"start":{"line":34,"column":6},"end":{"line":34,"column":86}},"19":{"start":{"line":34,"column":46},"end":{"line":34,"column":85}},"20":{"start":{"line":36,"column":6},"end":{"line":36,"column":44}},"21":{"start":{"line":39,"column":26},"end":{"line":39,"column":98}},"22":{"start":{"line":40,"column":4},"end":{"line":40,"column":29}},"23":{"start":{"line":43,"column":17},"end":{"line":48,"column":31}},"24":{"start":{"line":44,"column":27},"end":{"line":44,"column":84}},"25":{"start":{"line":44,"column":62},"end":{"line":44,"column":83}},"26":{"start":{"line":45,"column":4},"end":{"line":45,"column":34}},"27":{"start":{"line":46,"column":26},"end":{"line":46,"column":98}},"28":{"start":{"line":47,"column":4},"end":{"line":47,"column":29}},"29":{"start":{"line":50,"column":26},"end":{"line":53,"column":14}},"30":{"start":{"line":51,"column":4},"end":{"line":51,"column":45}},"31":{"start":{"line":52,"column":4},"end":{"line":52,"column":20}},"32":{"start":{"line":55,"column":18},"end":{"line":57,"column":8}},"33":{"start":{"line":56,"column":4},"end":{"line":56,"column":71}},"34":{"start":{"line":56,"column":27},"end":{"line":56,"column":43}},"35":{"start":{"line":59,"column":16},"end":{"line":63,"column":15}},"36":{"start":{"line":59,"column":31},"end":{"line":63,"column":3}},"37":{"start":{"line":61,"column":6},"end":{"line":61,"column":73}},"38":{"start":{"line":61,"column":27},"end":{"line":61,"column":40}},"39":{"start":{"line":65,"column":2},"end":{"line":79,"column":3}}},"fnMap":{"0":{"name":"(anonymous_0)","decl":{"start":{"line":12,"column":15},"end":{"line":12,"column":16}},"loc":{"start":{"line":12,"column":21},"end":{"line":80,"column":1}},"line":12},"1":{"name":"(anonymous_1)","decl":{"start":{"line":18,"column":31},"end":{"line":18,"column":32}},"loc":{"start":{"line":18,"column":37},"end":{"line":18,"column":54}},"line":18},"2":{"name":"(anonymous_2)","decl":{"start":{"line":20,"column":12},"end":{"line":20,"column":13}},"loc":{"start":{"line":20,"column":18},"end":{"line":27,"column":3}},"line":20},"3":{"name":"(anonymous_3)","decl":{"start":{"line":21,"column":24},"end":{"line":21,"column":25}},"loc":{"start":{"line":21,"column":34},"end":{"line":23,"column":5}},"line":21},"4":{"name":"(anonymous_4)","decl":{"start":{"line":22,"column":27},"end":{"line":22,"column":28}},"loc":{"start":{"line":22,"column":46},"end":{"line":22,"column":61}},"line":22},"5":{"name":"(anonymous_5)","decl":{"start":{"line":24,"column":44},"end":{"line":24,"column":45}},"loc":{"start":{"line":24,"column":63},"end":{"line":26,"column":5}},"line":24},"6":{"name":"(anonymous_6)","decl":{"start":{"line":29,"column":27},"end":{"line":29,"column":28}},"loc":{"start":{"line":29,"column":62},"end":{"line":41,"column":3}},"line":29},"7":{"name":"(anonymous_7)","decl":{"start":{"line":33,"column":23},"end":{"line":33,"column":24}},"loc":{"start":{"line":33,"column":31},"end":{"line":33,"column":56}},"line":33},"8":{"name":"(anonymous_8)","decl":{"start":{"line":34,"column":38},"end":{"line":34,"column":39}},"loc":{"start":{"line":34,"column":46},"end":{"line":34,"column":85}},"line":34},"9":{"name":"(anonymous_9)","decl":{"start":{"line":43,"column":29},"end":{"line":43,"column":30}},"loc":{"start":{"line":43,"column":60},"end":{"line":48,"column":3}},"line":43},"10":{"name":"(anonymous_10)","decl":{"start":{"line":44,"column":45},"end":{"line":44,"column":46}},"loc":{"start":{"line":44,"column":62},"end":{"line":44,"column":83}},"line":44},"11":{"name":"(anonymous_11)","decl":{"start":{"line":50,"column":34},"end":{"line":50,"column":35}},"loc":{"start":{"line":50,"column":40},"end":{"line":53,"column":3}},"line":50},"12":{"name":"(anonymous_12)","decl":{"start":{"line":55,"column":26},"end":{"line":55,"column":27}},"loc":{"start":{"line":56,"column":4},"end":{"line":56,"column":71}},"line":56},"13":{"name":"(anonymous_13)","decl":{"start":{"line":56,"column":21},"end":{"line":56,"column":22}},"loc":{"start":{"line":56,"column":27},"end":{"line":56,"column":43}},"line":56},"14":{"name":"(anonymous_14)","decl":{"start":{"line":59,"column":24},"end":{"line":59,"column":25}},"loc":{"start":{"line":59,"column":31},"end":{"line":63,"column":3}},"line":59},"15":{"name":"(anonymous_15)","decl":{"start":{"line":60,"column":35},"end":{"line":60,"column":36}},"loc":{"start":{"line":61,"column":6},"end":{"line":61,"column":73}},"line":61},"16":{"name":"(anonymous_16)","decl":{"start":{"line":61,"column":21},"end":{"line":61,"column":22}},"loc":{"start":{"line":61,"column":27},"end":{"line":61,"column":40}},"line":61}},"branchMap":{"0":{"loc":{"start":{"line":25,"column":20},"end":{"line":25,"column":35}},"type":"binary-expr","locations":[{"start":{"line":25,"column":20},"end":{"line":25,"column":29}},{"start":{"line":25,"column":33},"end":{"line":25,"column":35}}],"line":25},"1":{"loc":{"start":{"line":33,"column":4},"end":{"line":37,"column":5}},"type":"if","locations":[{"start":{"line":33,"column":4},"end":{"line":37,"column":5}},{"start":{"line":33,"column":4},"end":{"line":37,"column":5}}],"line":33},"2":{"loc":{"start":{"line":34,"column":46},"end":{"line":34,"column":85}},"type":"cond-expr","locations":[{"start":{"line":34,"column":74},"end":{"line":34,"column":78}},{"start":{"line":34,"column":81},"end":{"line":34,"column":85}}],"line":34}},"s":{"0":0,"1":0,"2":0,"3":0,"4":0,"5":0,"6":0,"7":0,"8":0,"9":0,"10":0,"11":0,"12":0,"13":0,"14":0,"15":0,"16":0,"17":0,"18":0,"19":0,"20":0,"21":0,"22":0,"23":0,"24":0,"25":0,"26":0,"27":0,"28":0,"29":0,"30":0,"31":0,"32":0,"33":0,"34":0,"35":0,"36":0,"37":0,"38":0,"39":0},"f":{"0":0,"1":0,"2":0,"3":0,"4":0,"5":0,"6":0,"7":0,"8":0,"9":0,"10":0,"11":0,"12":0,"13":0,"14":0,"15":0,"16":0},"b":{"0":[0,0],"1":[0,0],"2":[0,0]},"hash":"90f443986afe818eff7171a2124340ffc7a46a6c"}
,"/Users/yangzonglong/rnext/src/pages/model/relations/data.ts": {"path":"/Users/yangzonglong/rnext/src/pages/model/relations/data.ts","statementMap":{"0":{"start":{"line":11,"column":23},"end":{"line":15,"column":1}},"1":{"start":{"line":17,"column":19},"end":{"line":22,"column":1}},"2":{"start":{"line":24,"column":25},"end":{"line":49,"column":1}}},"fnMap":{},"branchMap":{},"s":{"0":0,"1":0,"2":0},"f":{},"b":{},"hash":"92b7eb0eaac4ec48f591dd2ff482f9833203d12a"}
,"/Users/yangzonglong/rnext/src/pages/model/tabs/Tabs.tsx": {"path":"/Users/yangzonglong/rnext/src/pages/model/tabs/Tabs.tsx","statementMap":{"0":{"start":{"line":13,"column":16},"end":{"line":13,"column":55}},"1":{"start":{"line":14,"column":32},"end":{"line":14,"column":47}},"2":{"start":{"line":15,"column":38},"end":{"line":15,"column":66}},"3":{"start":{"line":16,"column":32},"end":{"line":16,"column":58}},"4":{"start":{"line":17,"column":38},"end":{"line":17,"column":72}},"5":{"start":{"line":18,"column":32},"end":{"line":18,"column":47}},"6":{"start":{"line":20,"column":2},"end":{"line":25,"column":20}},"7":{"start":{"line":21,"column":4},"end":{"line":24,"column":6}},"8":{"start":{"line":22,"column":6},"end":{"line":22,"column":32}},"9":{"start":{"line":23,"column":6},"end":{"line":23,"column":32}},"10":{"start":{"line":27,"column":19},"end":{"line":27,"column":59}},"11":{"start":{"line":27,"column":37},"end":{"line":27,"column":54}},"12":{"start":{"line":28,"column":19},"end":{"line":31,"column":8}},"13":{"start":{"line":29,"column":4},"end":{"line":29,"column":21}},"14":{"start":{"line":30,"column":4},"end":{"line":30,"column":70}},"15":{"start":{"line":33,"column":15},"end":{"line":51,"column":31}},"16":{"start":{"line":34,"column":4},"end":{"line":34,"column":22}},"17":{"start":{"line":36,"column":4},"end":{"line":36,"column":48}},"18":{"start":{"line":37,"column":4},"end":{"line":37,"column":19}},"19":{"start":{"line":38,"column":4},"end":{"line":38,"column":19}},"20":{"start":{"line":40,"column":25},"end":{"line":40,"column":27}},"21":{"start":{"line":41,"column":4},"end":{"line":45,"column":5}},"22":{"start":{"line":41,"column":31},"end":{"line":41,"column":50}},"23":{"start":{"line":42,"column":6},"end":{"line":42,"column":80}},"24":{"start":{"line":42,"column":46},"end":{"line":42,"column":79}},"25":{"start":{"line":44,"column":6},"end":{"line":44,"column":44}},"26":{"start":{"line":47,"column":4},"end":{"line":47,"column":21}},"27":{"start":{"line":48,"column":21},"end":{"line":48,"column":88}},"28":{"start":{"line":49,"column":4},"end":{"line":49,"column":22}},"29":{"start":{"line":50,"column":4},"end":{"line":50,"column":23}},"30":{"start":{"line":53,"column":17},"end":{"line":59,"column":31}},"31":{"start":{"line":54,"column":27},"end":{"line":54,"column":68}},"32":{"start":{"line":54,"column":53},"end":{"line":54,"column":67}},"33":{"start":{"line":55,"column":4},"end":{"line":55,"column":34}},"34":{"start":{"line":56,"column":4},"end":{"line":56,"column":21}},"35":{"start":{"line":57,"column":4},"end":{"line":57,"column":72}},"36":{"start":{"line":58,"column":4},"end":{"line":58,"column":22}},"37":{"start":{"line":61,"column":26},"end":{"line":64,"column":18}},"38":{"start":{"line":62,"column":4},"end":{"line":62,"column":74}},"39":{"start":{"line":62,"column":29},"end":{"line":62,"column":74}},"40":{"start":{"line":63,"column":4},"end":{"line":63,"column":20}},"41":{"start":{"line":66,"column":18},"end":{"line":69,"column":9}},"42":{"start":{"line":66,"column":33},"end":{"line":69,"column":3}},"43":{"start":{"line":67,"column":48},"end":{"line":67,"column":64}},"44":{"start":{"line":68,"column":42},"end":{"line":68,"column":58}},"45":{"start":{"line":71,"column":16},"end":{"line":78,"column":25}},"46":{"start":{"line":71,"column":31},"end":{"line":78,"column":3}},"47":{"start":{"line":73,"column":6},"end":{"line":76,"column":18}},"48":{"start":{"line":74,"column":29},"end":{"line":74,"column":45}},"49":{"start":{"line":75,"column":29},"end":{"line":75,"column":47}},"50":{"start":{"line":80,"column":2},"end":{"line":97,"column":3}}},"fnMap":{"0":{"name":"(anonymous_0)","decl":{"start":{"line":11,"column":15},"end":{"line":11,"column":16}},"loc":{"start":{"line":11,"column":21},"end":{"line":98,"column":1}},"line":11},"1":{"name":"(anonymous_1)","decl":{"start":{"line":20,"column":12},"end":{"line":20,"column":13}},"loc":{"start":{"line":20,"column":18},"end":{"line":25,"column":3}},"line":20},"2":{"name":"(anonymous_2)","decl":{"start":{"line":21,"column":44},"end":{"line":21,"column":45}},"loc":{"start":{"line":21,"column":70},"end":{"line":24,"column":5}},"line":21},"3":{"name":"(anonymous_3)","decl":{"start":{"line":27,"column":31},"end":{"line":27,"column":32}},"loc":{"start":{"line":27,"column":37},"end":{"line":27,"column":54}},"line":27},"4":{"name":"(anonymous_4)","decl":{"start":{"line":28,"column":31},"end":{"line":28,"column":32}},"loc":{"start":{"line":28,"column":55},"end":{"line":31,"column":3}},"line":28},"5":{"name":"(anonymous_5)","decl":{"start":{"line":33,"column":27},"end":{"line":33,"column":28}},"loc":{"start":{"line":33,"column":57},"end":{"line":51,"column":3}},"line":33},"6":{"name":"(anonymous_6)","decl":{"start":{"line":41,"column":23},"end":{"line":41,"column":24}},"loc":{"start":{"line":41,"column":31},"end":{"line":41,"column":50}},"line":41},"7":{"name":"(anonymous_7)","decl":{"start":{"line":42,"column":38},"end":{"line":42,"column":39}},"loc":{"start":{"line":42,"column":46},"end":{"line":42,"column":79}},"line":42},"8":{"name":"(anonymous_8)","decl":{"start":{"line":53,"column":29},"end":{"line":53,"column":30}},"loc":{"start":{"line":53,"column":51},"end":{"line":59,"column":3}},"line":53},"9":{"name":"(anonymous_9)","decl":{"start":{"line":54,"column":45},"end":{"line":54,"column":46}},"loc":{"start":{"line":54,"column":53},"end":{"line":54,"column":67}},"line":54},"10":{"name":"(anonymous_10)","decl":{"start":{"line":61,"column":34},"end":{"line":61,"column":35}},"loc":{"start":{"line":61,"column":40},"end":{"line":64,"column":3}},"line":61},"11":{"name":"(anonymous_11)","decl":{"start":{"line":66,"column":26},"end":{"line":66,"column":27}},"loc":{"start":{"line":66,"column":33},"end":{"line":69,"column":3}},"line":66},"12":{"name":"(anonymous_12)","decl":{"start":{"line":67,"column":42},"end":{"line":67,"column":43}},"loc":{"start":{"line":67,"column":48},"end":{"line":67,"column":64}},"line":67},"13":{"name":"(anonymous_13)","decl":{"start":{"line":68,"column":36},"end":{"line":68,"column":37}},"loc":{"start":{"line":68,"column":42},"end":{"line":68,"column":58}},"line":68},"14":{"name":"(anonymous_14)","decl":{"start":{"line":71,"column":24},"end":{"line":71,"column":25}},"loc":{"start":{"line":71,"column":31},"end":{"line":78,"column":3}},"line":71},"15":{"name":"(anonymous_15)","decl":{"start":{"line":72,"column":35},"end":{"line":72,"column":36}},"loc":{"start":{"line":73,"column":6},"end":{"line":76,"column":18}},"line":73},"16":{"name":"(anonymous_16)","decl":{"start":{"line":74,"column":23},"end":{"line":74,"column":24}},"loc":{"start":{"line":74,"column":29},"end":{"line":74,"column":45}},"line":74},"17":{"name":"(anonymous_17)","decl":{"start":{"line":75,"column":23},"end":{"line":75,"column":24}},"loc":{"start":{"line":75,"column":29},"end":{"line":75,"column":47}},"line":75}},"branchMap":{"0":{"loc":{"start":{"line":23,"column":20},"end":{"line":23,"column":30}},"type":"binary-expr","locations":[{"start":{"line":23,"column":20},"end":{"line":23,"column":24}},{"start":{"line":23,"column":28},"end":{"line":23,"column":30}}],"line":23},"1":{"loc":{"start":{"line":41,"column":4},"end":{"line":45,"column":5}},"type":"if","locations":[{"start":{"line":41,"column":4},"end":{"line":45,"column":5}},{"start":{"line":41,"column":4},"end":{"line":45,"column":5}}],"line":41},"2":{"loc":{"start":{"line":42,"column":46},"end":{"line":42,"column":79}},"type":"cond-expr","locations":[{"start":{"line":42,"column":68},"end":{"line":42,"column":72}},{"start":{"line":42,"column":75},"end":{"line":42,"column":79}}],"line":42},"3":{"loc":{"start":{"line":62,"column":4},"end":{"line":62,"column":74}},"type":"if","locations":[{"start":{"line":62,"column":4},"end":{"line":62,"column":74}},{"start":{"line":62,"column":4},"end":{"line":62,"column":74}}],"line":62}},"s":{"0":0,"1":0,"2":0,"3":0,"4":0,"5":0,"6":0,"7":0,"8":0,"9":0,"10":0,"11":0,"12":0,"13":0,"14":0,"15":0,"16":0,"17":0,"18":0,"19":0,"20":0,"21":0,"22":0,"23":0,"24":0,"25":0,"26":0,"27":0,"28":0,"29":0,"30":0,"31":0,"32":0,"33":0,"34":0,"35":0,"36":0,"37":0,"38":0,"39":0,"40":0,"41":0,"42":0,"43":0,"44":0,"45":0,"46":0,"47":0,"48":0,"49":0,"50":0},"f":{"0":0,"1":0,"2":0,"3":0,"4":0,"5":0,"6":0,"7":0,"8":0,"9":0,"10":0,"11":0,"12":0,"13":0,"14":0,"15":0,"16":0,"17":0},"b":{"0":[0,0],"1":[0,0],"2":[0,0],"3":[0,0]},"hash":"cb98de2bd8703a9d259b020d5d8a92b869c5ba1e"}
,"/Users/yangzonglong/rnext/src/pages/model/tabs/_PreviewForm.tsx": {"path":"/Users/yangzonglong/rnext/src/pages/model/tabs/_PreviewForm.tsx","statementMap":{"0":{"start":{"line":13,"column":19},"end":{"line":13,"column":66}},"1":{"start":{"line":15,"column":34},"end":{"line":15,"column":46}},"2":{"start":{"line":16,"column":34},"end":{"line":16,"column":56}},"3":{"start":{"line":18,"column":19},"end":{"line":18,"column":47}},"4":{"start":{"line":20,"column":2},"end":{"line":22,"column":13}},"5":{"start":{"line":21,"column":4},"end":{"line":21,"column":45}},"6":{"start":{"line":21,"column":21},"end":{"line":21,"column":45}},"7":{"start":{"line":24,"column":20},"end":{"line":27,"column":31}},"8":{"start":{"line":25,"column":4},"end":{"line":25,"column":28}},"9":{"start":{"line":25,"column":18},"end":{"line":25,"column":28}},"10":{"start":{"line":26,"column":4},"end":{"line":26,"column":44}},"11":{"start":{"line":29,"column":2},"end":{"line":34,"column":3}}},"fnMap":{"0":{"name":"(anonymous_0)","decl":{"start":{"line":11,"column":20},"end":{"line":11,"column":21}},"loc":{"start":{"line":11,"column":47},"end":{"line":35,"column":1}},"line":11},"1":{"name":"(anonymous_1)","decl":{"start":{"line":20,"column":12},"end":{"line":20,"column":13}},"loc":{"start":{"line":20,"column":18},"end":{"line":22,"column":3}},"line":20},"2":{"name":"(anonymous_2)","decl":{"start":{"line":24,"column":28},"end":{"line":24,"column":29}},"loc":{"start":{"line":24,"column":34},"end":{"line":27,"column":3}},"line":24}},"branchMap":{"0":{"loc":{"start":{"line":21,"column":4},"end":{"line":21,"column":45}},"type":"if","locations":[{"start":{"line":21,"column":4},"end":{"line":21,"column":45}},{"start":{"line":21,"column":4},"end":{"line":21,"column":45}}],"line":21},"1":{"loc":{"start":{"line":25,"column":4},"end":{"line":25,"column":28}},"type":"if","locations":[{"start":{"line":25,"column":4},"end":{"line":25,"column":28}},{"start":{"line":25,"column":4},"end":{"line":25,"column":28}}],"line":25}},"s":{"0":0,"1":0,"2":0,"3":0,"4":0,"5":0,"6":0,"7":0,"8":0,"9":0,"10":0,"11":0},"f":{"0":0,"1":0,"2":0},"b":{"0":[0,0],"1":[0,0]},"hash":"d74df6d9847472625d94ae4562ce7c7ebca9cfcf"}
,"/Users/yangzonglong/rnext/src/pages/model/tabs/data.ts": {"path":"/Users/yangzonglong/rnext/src/pages/model/tabs/data.ts","statementMap":{"0":{"start":{"line":11,"column":23},"end":{"line":16,"column":1}},"1":{"start":{"line":13,"column":64},"end":{"line":13,"column":96}},"2":{"start":{"line":14,"column":96},"end":{"line":14,"column":110}},"3":{"start":{"line":18,"column":25},"end":{"line":35,"column":1}}},"fnMap":{"0":{"name":"(anonymous_0)","decl":{"start":{"line":13,"column":34},"end":{"line":13,"column":35}},"loc":{"start":{"line":13,"column":64},"end":{"line":13,"column":96}},"line":13},"1":{"name":"(anonymous_1)","decl":{"start":{"line":14,"column":76},"end":{"line":14,"column":77}},"loc":{"start":{"line":14,"column":96},"end":{"line":14,"column":110}},"line":14}},"branchMap":{"0":{"loc":{"start":{"line":13,"column":64},"end":{"line":13,"column":96}},"type":"cond-expr","locations":[{"start":{"line":13,"column":71},"end":{"line":13,"column":91}},{"start":{"line":13,"column":94},"end":{"line":13,"column":96}}],"line":13}},"s":{"0":0,"1":0,"2":0,"3":0},"f":{"0":0,"1":0},"b":{"0":[0,0]},"hash":"4a65810103cd85c7f5cdc547408adbf4d54039d0"}
,"/Users/yangzonglong/rnext/src/pages/model/unique/Unique.tsx": {"path":"/Users/yangzonglong/rnext/src/pages/model/unique/Unique.tsx","statementMap":{"0":{"start":{"line":8,"column":16},"end":{"line":11,"column":1}},"1":{"start":{"line":9,"column":53},"end":{"line":9,"column":67}},"2":{"start":{"line":13,"column":18},"end":{"line":27,"column":1}},"3":{"start":{"line":35,"column":17},"end":{"line":35,"column":30}},"4":{"start":{"line":36,"column":16},"end":{"line":36,"column":55}},"5":{"start":{"line":38,"column":32},"end":{"line":38,"column":47}},"6":{"start":{"line":39,"column":38},"end":{"line":39,"column":57}},"7":{"start":{"line":40,"column":32},"end":{"line":40,"column":44}},"8":{"start":{"line":41,"column":53},"end":{"line":41,"column":82}},"9":{"start":{"line":43,"column":2},"end":{"line":55,"column":31}},"10":{"start":{"line":44,"column":4},"end":{"line":44,"column":31}},"11":{"start":{"line":44,"column":24},"end":{"line":44,"column":31}},"12":{"start":{"line":45,"column":4},"end":{"line":54,"column":6}},"13":{"start":{"line":46,"column":6},"end":{"line":46,"column":28}},"14":{"start":{"line":47,"column":6},"end":{"line":49,"column":11}},"15":{"start":{"line":47,"column":43},"end":{"line":49,"column":7}},"16":{"start":{"line":50,"column":6},"end":{"line":53,"column":11}},"17":{"start":{"line":50,"column":44},"end":{"line":53,"column":7}},"18":{"start":{"line":57,"column":19},"end":{"line":57,"column":59}},"19":{"start":{"line":57,"column":37},"end":{"line":57,"column":54}},"20":{"start":{"line":59,"column":15},"end":{"line":66,"column":21}},"21":{"start":{"line":60,"column":4},"end":{"line":64,"column":5}},"22":{"start":{"line":61,"column":6},"end":{"line":61,"column":33}},"23":{"start":{"line":63,"column":6},"end":{"line":63,"column":17}},"24":{"start":{"line":65,"column":4},"end":{"line":65,"column":22}},"25":{"start":{"line":68,"column":19},"end":{"line":72,"column":25}},"26":{"start":{"line":69,"column":4},"end":{"line":71,"column":6}},"27":{"start":{"line":70,"column":31},"end":{"line":70,"column":42}},"28":{"start":{"line":74,"column":18},"end":{"line":77,"column":17}},"29":{"start":{"line":74,"column":33},"end":{"line":77,"column":3}},"30":{"start":{"line":75,"column":34},"end":{"line":75,"column":50}},"31":{"start":{"line":79,"column":21},"end":{"line":91,"column":15}},"32":{"start":{"line":79,"column":36},"end":{"line":91,"column":3}},"33":{"start":{"line":82,"column":8},"end":{"line":88,"column":20}},"34":{"start":{"line":83,"column":31},"end":{"line":83,"column":44}},"35":{"start":{"line":85,"column":12},"end":{"line":85,"column":53}},"36":{"start":{"line":86,"column":12},"end":{"line":86,"column":29}},"37":{"start":{"line":93,"column":26},"end":{"line":96,"column":18}},"38":{"start":{"line":94,"column":4},"end":{"line":94,"column":49}},"39":{"start":{"line":95,"column":4},"end":{"line":95,"column":20}},"40":{"start":{"line":98,"column":2},"end":{"line":113,"column":3}}},"fnMap":{"0":{"name":"(anonymous_0)","decl":{"start":{"line":9,"column":33},"end":{"line":9,"column":34}},"loc":{"start":{"line":9,"column":53},"end":{"line":9,"column":67}},"line":9},"1":{"name":"(anonymous_1)","decl":{"start":{"line":33,"column":15},"end":{"line":33,"column":16}},"loc":{"start":{"line":33,"column":21},"end":{"line":114,"column":1}},"line":33},"2":{"name":"(anonymous_2)","decl":{"start":{"line":43,"column":12},"end":{"line":43,"column":13}},"loc":{"start":{"line":43,"column":18},"end":{"line":55,"column":3}},"line":43},"3":{"name":"(anonymous_3)","decl":{"start":{"line":45,"column":44},"end":{"line":45,"column":45}},"loc":{"start":{"line":45,"column":77},"end":{"line":54,"column":5}},"line":45},"4":{"name":"(anonymous_4)","decl":{"start":{"line":47,"column":27},"end":{"line":47,"column":28}},"loc":{"start":{"line":47,"column":43},"end":{"line":49,"column":7}},"line":47},"5":{"name":"(anonymous_5)","decl":{"start":{"line":50,"column":35},"end":{"line":50,"column":36}},"loc":{"start":{"line":50,"column":44},"end":{"line":53,"column":7}},"line":50},"6":{"name":"(anonymous_6)","decl":{"start":{"line":57,"column":31},"end":{"line":57,"column":32}},"loc":{"start":{"line":57,"column":37},"end":{"line":57,"column":54}},"line":57},"7":{"name":"(anonymous_7)","decl":{"start":{"line":59,"column":27},"end":{"line":59,"column":28}},"loc":{"start":{"line":59,"column":37},"end":{"line":66,"column":3}},"line":59},"8":{"name":"(anonymous_8)","decl":{"start":{"line":68,"column":31},"end":{"line":68,"column":32}},"loc":{"start":{"line":68,"column":43},"end":{"line":72,"column":3}},"line":68},"9":{"name":"(anonymous_9)","decl":{"start":{"line":70,"column":23},"end":{"line":70,"column":24}},"loc":{"start":{"line":70,"column":31},"end":{"line":70,"column":42}},"line":70},"10":{"name":"(anonymous_10)","decl":{"start":{"line":74,"column":26},"end":{"line":74,"column":27}},"loc":{"start":{"line":74,"column":33},"end":{"line":77,"column":3}},"line":74},"11":{"name":"(anonymous_11)","decl":{"start":{"line":75,"column":28},"end":{"line":75,"column":29}},"loc":{"start":{"line":75,"column":34},"end":{"line":75,"column":50}},"line":75},"12":{"name":"(anonymous_12)","decl":{"start":{"line":79,"column":29},"end":{"line":79,"column":30}},"loc":{"start":{"line":79,"column":36},"end":{"line":91,"column":3}},"line":79},"13":{"name":"(anonymous_13)","decl":{"start":{"line":81,"column":35},"end":{"line":81,"column":36}},"loc":{"start":{"line":82,"column":8},"end":{"line":88,"column":20}},"line":82},"14":{"name":"(anonymous_14)","decl":{"start":{"line":83,"column":25},"end":{"line":83,"column":26}},"loc":{"start":{"line":83,"column":31},"end":{"line":83,"column":44}},"line":83},"15":{"name":"(anonymous_15)","decl":{"start":{"line":84,"column":56},"end":{"line":84,"column":57}},"loc":{"start":{"line":84,"column":62},"end":{"line":87,"column":11}},"line":84},"16":{"name":"(anonymous_16)","decl":{"start":{"line":93,"column":34},"end":{"line":93,"column":35}},"loc":{"start":{"line":93,"column":40},"end":{"line":96,"column":3}},"line":93}},"branchMap":{"0":{"loc":{"start":{"line":44,"column":4},"end":{"line":44,"column":31}},"type":"if","locations":[{"start":{"line":44,"column":4},"end":{"line":44,"column":31}},{"start":{"line":44,"column":4},"end":{"line":44,"column":31}}],"line":44},"1":{"loc":{"start":{"line":45,"column":47},"end":{"line":45,"column":58}},"type":"default-arg","locations":[{"start":{"line":45,"column":56},"end":{"line":45,"column":58}}],"line":45},"2":{"loc":{"start":{"line":60,"column":4},"end":{"line":64,"column":5}},"type":"if","locations":[{"start":{"line":60,"column":4},"end":{"line":64,"column":5}},{"start":{"line":60,"column":4},"end":{"line":64,"column":5}}],"line":60}},"s":{"0":0,"1":0,"2":0,"3":0,"4":0,"5":0,"6":0,"7":0,"8":0,"9":0,"10":0,"11":0,"12":0,"13":0,"14":0,"15":0,"16":0,"17":0,"18":0,"19":0,"20":0,"21":0,"22":0,"23":0,"24":0,"25":0,"26":0,"27":0,"28":0,"29":0,"30":0,"31":0,"32":0,"33":0,"34":0,"35":0,"36":0,"37":0,"38":0,"39":0,"40":0},"f":{"0":0,"1":0,"2":0,"3":0,"4":0,"5":0,"6":0,"7":0,"8":0,"9":0,"10":0,"11":0,"12":0,"13":0,"14":0,"15":0,"16":0},"b":{"0":[0,0],"1":[0],"2":[0,0]},"hash":"7101a3796a8098c23d9e03420fe27d09dfdc9eca"}
}
